1709502510997:help
1709502517303:process-companies
1709503584332:help
1709503593662:process-companies
1709504027041:help
1709504037169:process-companies
1709504041271:process-articles
1709509033138:shell
1709509035933:help
1709509040865:process-companies
1709509881706:help
1709509888452:process-articles
1709510066475:process-companies
1709510071552:process-articles
1709510242416:process-companies
1709510247212:process-articles
1709510536873:process-companies
1709510545007:process-articles
1709510645500:process-companies
1709510654063:process-articles
1709512955722:process-companies
1709512960932:process-articles
1709513370697:process-companies
1709513377393:process-articles
1709513383797:search-companies
1709513633734:process-companies
1709513643808:process-articles
1709513649564:search-companies
1709513892324:process-companies
1709513895921:process-articles
1709513901877:search-companies
1709514155566:process-companies
1709514160431:process-articles
1709514465768:process-companies
1709514591822:process-articles
1709514599862:search-companies
1709514824477:process-companies
1709514829706:process-articles
1709514835692:search-companies
1709515431285:read-companies
1709515434842:read-articles
1709515442131:search-companies
1709515452948:search-articles
1709515999964:read-companies
1709516638456:resd-articles
1709516646073:read-articles
1709516675944:search-articles
1709516997788:read-companies
1709517003001:read-articles
1709517023302:search-articles
1709517191798:search-companies
1709517199417:search-articles
1709517250606:read-companies
1709517255459:read-articles
1709517360008:search-articles
1709517543476:read-companies
1709517548862:read-articles
1709517580766:search-articles
1709517722348:read-articles
1709517727553:read-companies
1709517815890:search-articles
1709517896628:read-companies
1709517904598:read-articles
1709517912155:search-companies
1709517919786:search-articles
1709518018079:read-companies
1709518021707:read-articles
1709518027106:search-articles
1709518630957:read-articles
1709518635674:read-companies
1709518641364:search-articles
1709518885106:read-articles
1709518890029:read-companies
1709518897456:search-articles
1709519043402:read-articles
1709519048645:read-companies
1709519052991:search-articles
1709519224104:read-articles
1709519245509:read-companies
1709519249970:search-articles
1709519608544:read-companies
1709519611956:read-articles
1709519618399:search-articles
1709519813933:read-articles
1709519818854:read-companies
1709519823409:search-articles
1709519888040:read-companies
1709519891224:read-articles
1709519895327:search-articles
1709520099480:read-companies
1709520104591:read-articles
1709520355940:read-companies
1709520366552:search-companies
1709520370750:search-articles
1709520508307:read-companies
1709520511625:read-articles
1709520516251:search-articles
1709520724551:read-companies
1709520727807:read-articles
1709520731556:search-articles
1709520855031:read-article
1709520860467:read-articles
1709520865501:read-companies
1709520870864:search-articles
1709521020618:read-articles
1709521026988:read-companies
1709521030661:search-articles
1709521064888:read-companies
1709521068920:read-articles
1709521073329:search-articles
1709521314720:read-articles
1709521319059:read-companies
1709521324566:search-articles
1709521485192:read-articles
1709521494245:read-companies
1709521498197:search-articles
1709521568975:read-articles
1709521573854:read-companies
1709521577856:search-articles
1709521770957:it
1709521846500:read-articles
1709521853033:read-companies
1709521857982:search-articles
1709522540856:read-companies
1709522550391:read-articles
1709522556687:search-articles
1709522720158:read-articles
1709522725100:read-companies
1709522732125:search-articles
1709522805604:read-articles
1709522809543:read-companies
1709522813997:search-articles
1709522973500:read-companies
1709522978889:read-articles
1709522985216:search-articles
1709523261443:read-articles
1709523265713:read-companies
1709523269679:search-article
1709523274472:search-articles
1709523300435:search-companies
1709523304194:rticles
1709523414084:read-articles
1709523419021:read-companies
1709523424250:search-articles
1709524464946:read-articles
1709524471636:read-companies
1709524477062:search-articles
1709524510306:read-articles
1709524515625:read-companies
1709524523929:search-articles
1709524736849:read-articles
1709524743855:read-companies
1709524747471:search-articles
1709525806064:read-companies
1709525811485:read-articles
1709525815986:search-articles
1709525972669:read-articles
1709525978362:read-companies
1709525984198:search-articles
1709526249974:read-articles
1709526253418:read-companies
1709526257348:search-articles
1709526492300:read-articles
1709526498388:read-companies
1709526502632:search-articles
1709543825629:read-companies
1709543829077:read-articles
1709543835688:search-companies
1709543841635:search-articles
1709544433106:read-articles
1709544437605:read-companies
1709544442109:search-articles
1709544823104:read-companies
1709544826441:read-articles
1709544830853:search-articles
1709545193027:read-companies
1709545196115:read-articles
1709545201024:search-articles
1709545261902:read-articles
1709545265885:read-companies
1709545271820:search-companies
1709545275237:search-articles
1709545767215:read-articles
1709545772740:read-companies
1709545779023:search-articles
1709547178545:process-companies
1709547184172:read-companies
1709547756854:read-articles
1709547774638:search-articles
1709547906334:read-companies
1709547910635:read-articles
1709547917231:search-articles
1709548294052:read-companies
1709548299184:read-articles
1709548303609:search-articles
1709548469240:read-articles
1709548473115:read-companies
1709548476985:search-articles
1709548828429:read-companies
1709548832818:read-articles
1709548836520:search-articles
1709548878753:read-articles
1709548882866:read-companies
1709548886338:search-articles
1709548942048:read-articles
1709548945827:read-compnaies
1709548952144:read-companies
1709548957165:search-companies
1709548961235:search-articles
1709560977935:read-articles
1709560982916:read-companies
1709560987665:search-articles
1709561516348:read-companies
1709561519912:read-articles
1709561526156:search-companies
1709561530747:search-articles
1709562537294:read-articles
1709562541784:read-companies
1709562547884:search-articles
1709563009889:read-articles
1709563015418:read-companies
1709563027760:search-companies
1709563031962:search-articles
1709563674714:read-companies
1709563679420:read-articles
1709563684533:search-articles
1709563830685:read-companies
1709563834527:read-articles
1709563840355:search-articles
1709564083220:read-articles
1709564088048:read-companies
1709564091934:search-articles
1709564776112:read-articles
1709564781749:read-companies
1709564785631:search-articles
1709565157000:read-articles
1709565163877:read-companies
1709565168560:search-articles
1709565218783:read-articles
1709565226065:read-companies
1709565229748:search-articles
1709565552353:read-articles
1709565599681:read-companies
1709565603960:search-articles
